2022-07-22 13:17:59,444:INFO:PyCaret Supervised Module
2022-07-22 13:17:59,445:INFO:ML Usecase: classification
2022-07-22 13:17:59,445:INFO:version 2.3.10
2022-07-22 13:17:59,445:INFO:Initializing setup()
2022-07-22 13:17:59,445:INFO:setup(target=Outcome, ml_usecase=classification, available_plots={'parameter': 'Hyperparameters', 'auc': 'AUC', 'confusion_matrix': 'Confusion Matrix', 'threshold': 'Threshold', 'pr': 'Precision Recall', 'error': 'Prediction Error', 'class_report': 'Class Report', 'rfe': 'Feature Selection', 'learning': 'Learning Curve', 'manifold': 'Manifold Learning', 'calibration': 'Calibration Curve', 'vc': 'Validation Curve', 'dimension': 'Dimensions', 'feature': 'Feature Importance', 'feature_all': 'Feature Importance (All)', 'boundary': 'Decision Boundary', 'lift': 'Lift Chart', 'gain': 'Gain Chart', 'tree': 'Decision Tree', 'ks': 'KS Statistic Plot'}, train_size=0.7, test_data=None, preprocess=True, imputation_type=simple, iterative_imputation_iters=5, categorical_features=None, categorical_imputation=constant, categorical_iterative_imputer=lightgbm, ordinal_features=None, high_cardinality_features=None, high_cardinality_method=frequency, numeric_features=None, numeric_imputation=mean, numeric_iterative_imputer=lightgbm, date_features=None, ignore_features=None, normalize=False, normalize_method=zscore, transformation=False, transformation_method=yeo-johnson, handle_unknown_categorical=True, unknown_categorical_method=least_frequent, pca=False, pca_method=linear, pca_components=None, ignore_low_variance=False, combine_rare_levels=False, rare_level_threshold=0.1, bin_numeric_features=None, remove_outliers=False, outliers_threshold=0.05, remove_multicollinearity=False, multicollinearity_threshold=0.9, remove_perfect_collinearity=True, create_clusters=False, cluster_iter=20, polynomial_features=False, polynomial_degree=2, trigonometry_features=False, polynomial_threshold=0.1, group_features=None, group_names=None, feature_selection=False, feature_selection_threshold=0.8, feature_selection_method=classic, feature_interaction=False, feature_ratio=False, interaction_threshold=0.01, fix_imbalance=False, fix_imbalance_method=None, transform_target=False, transform_target_method=box-cox, data_split_shuffle=True, data_split_stratify=False, fold_strategy=stratifiedkfold, fold=10, fold_shuffle=False, fold_groups=None, n_jobs=-1, use_gpu=False, custom_pipeline=None, html=True, session_id=None, log_experiment=False, experiment_name=None, experiment_custom_tags=None, log_plots=False, log_profile=False, log_data=False, silent=False, verbose=True, profile=False, profile_kwargs=None, display=None)
2022-07-22 13:17:59,445:INFO:Checking environment
2022-07-22 13:17:59,446:INFO:python_version: 3.8.13
2022-07-22 13:17:59,446:INFO:python_build: ('default', 'Mar 28 2022 06:59:08')
2022-07-22 13:17:59,446:INFO:machine: AMD64
2022-07-22 13:17:59,446:INFO:platform: Windows-10-10.0.19044-SP0
2022-07-22 13:17:59,446:INFO:Memory: svmem(total=8455835648, available=3081854976, percent=63.6, used=5373980672, free=3081854976)
2022-07-22 13:17:59,446:INFO:Physical Core: 4
2022-07-22 13:17:59,446:INFO:Logical Core: 4
2022-07-22 13:17:59,446:INFO:Checking libraries
2022-07-22 13:17:59,446:INFO:pd==1.4.3
2022-07-22 13:17:59,446:INFO:numpy==1.19.5
2022-07-22 13:17:59,446:INFO:sklearn==0.23.2
2022-07-22 13:17:59,446:INFO:lightgbm==3.3.2
2022-07-22 13:17:59,448:WARNING:catboost not found
2022-07-22 13:17:59,449:WARNING:xgboost not found
2022-07-22 13:17:59,449:INFO:mlflow==1.27.0
2022-07-22 13:17:59,449:INFO:Checking Exceptions
2022-07-22 13:17:59,449:INFO:Declaring global variables
2022-07-22 13:17:59,449:INFO:USI: a2e5
2022-07-22 13:17:59,449:INFO:pycaret_globals: {'y_test', 'X', 'logging_param', 'imputation_regressor', 'html_param', 'exp_name_log', 'fold_groups_param', '_available_plots', '_all_models', 'fold_shuffle_param', 'log_plots_param', '_all_metrics', 'fold_generator', 'iterative_imputation_iters_param', 'fix_imbalance_param', '_internal_pipeline', 'transform_target_param', 'y', 'fold_param', 'X_test', 'transform_target_method_param', 'n_jobs_param', 'target_param', '_ml_usecase', 'master_model_container', 'data_before_preprocess', 'create_model_container', 'seed', 'fix_imbalance_method_param', '_all_models_internal', 'X_train', '_gpu_n_jobs_param', 'pycaret_globals', 'fold_groups_param_full', 'display_container', 'dashboard_logger', 'gpu_param', 'y_train', 'prep_pipe', 'USI', 'imputation_classifier', 'stratify_param', 'experiment__'}
2022-07-22 13:17:59,450:INFO:Preparing display monitor
2022-07-22 13:17:59,450:INFO:Preparing display monitor
2022-07-22 13:17:59,515:INFO:Importing libraries
2022-07-22 13:17:59,515:INFO:Copying data for preprocessing
2022-07-22 13:17:59,525:INFO:Declaring preprocessing parameters
2022-07-22 13:17:59,526:INFO:Creating preprocessing pipeline
2022-07-22 13:17:59,552:INFO:Preprocessing pipeline created successfully
2022-07-22 13:17:59,553:ERROR:(Process Exit): setup has been interupted with user command 'quit'. setup must rerun.
2022-07-22 13:17:59,553:INFO:Creating global containers
2022-07-22 13:17:59,553:INFO:Internal pipeline: Pipeline(memory=None, steps=[('empty_step', 'passthrough')], verbose=False)
2022-07-22 13:18:02,456:WARNING:Couldn't import xgboost.XGBClassifier
2022-07-22 13:18:02,457:WARNING:Couldn't import catboost.CatBoostClassifier
2022-07-22 13:18:02,588:WARNING:Couldn't import xgboost.XGBClassifier
2022-07-22 13:18:02,589:WARNING:Couldn't import catboost.CatBoostClassifier
2022-07-22 13:18:02,590:INFO:Creating grid variables
2022-07-22 13:18:02,611:INFO:create_model_container: 0
2022-07-22 13:18:02,612:INFO:master_model_container: 0
2022-07-22 13:18:02,612:INFO:display_container: 1
2022-07-22 13:18:02,620:INFO:Pipeline(memory=None,
         steps=[('dtypes',
                 DataTypes_Auto_infer(categorical_features=[],
                                      display_types=True, features_todrop=[],
                                      id_columns=[],
                                      ml_usecase='classification',
                                      numerical_features=[], target='Outcome',
                                      time_features=[])),
                ('imputer',
                 Simple_Imputer(categorical_strategy='not_available',
                                fill_value_categorical=None,
                                fill_value_numerical=None,
                                numeric_stra...
                ('scaling', 'passthrough'), ('P_transform', 'passthrough'),
                ('binn', 'passthrough'), ('rem_outliers', 'passthrough'),
                ('cluster_all', 'passthrough'),
                ('dummy', Dummify(target='Outcome')),
                ('fix_perfect', Remove_100(target='Outcome')),
                ('clean_names', Clean_Colum_Names()),
                ('feature_select', 'passthrough'), ('fix_multi', 'passthrough'),
                ('dfs', 'passthrough'), ('pca', 'passthrough')],
         verbose=False)
2022-07-22 13:18:02,620:INFO:setup() succesfully completed......................................
2022-07-22 13:18:02,766:INFO:Initializing compare_models()
2022-07-22 13:18:02,766:INFO:compare_models(include=None, fold=None, round=4, cross_validation=True, sort=Accuracy, n_select=1, budget_time=None, turbo=True, errors=ignore, fit_kwargs=None, groups=None, experiment_custom_tags=None, probability_threshold=None, verbose=True, display=None, exclude=None)
2022-07-22 13:18:02,766:INFO:Checking exceptions
2022-07-22 13:18:02,766:INFO:Preparing display monitor
2022-07-22 13:18:02,767:INFO:Preparing display monitor
2022-07-22 13:18:02,816:INFO:Initializing Logistic Regression
2022-07-22 13:18:02,816:INFO:Total runtime is 1.6673405965169272e-05 minutes
2022-07-22 13:18:02,826:INFO:SubProcess create_model() called ==================================
2022-07-22 13:18:02,827:INFO:Initializing create_model()
2022-07-22 13:18:02,827:INFO:create_model(estimator=lr, fold=StratifiedKFold(n_splits=10, random_state=None, shuffle=False), round=4, cross_validation=True, predict=True, fit_kwargs={}, groups=None, refit=False, verbose=False, system=False, metrics=None, experiment_custom_tags=None, add_to_model_list=True, probability_threshold=None, display=<pycaret.internal.Display.Display object at 0x0000015E52CF2340>, return_train_score=False, kwargs={})
2022-07-22 13:18:02,827:INFO:Checking exceptions
2022-07-22 13:18:02,827:INFO:Importing libraries
2022-07-22 13:18:02,828:INFO:Copying training dataset
2022-07-22 13:18:02,828:INFO:Defining folds
2022-07-22 13:18:02,829:INFO:Declaring metric variables
2022-07-22 13:18:02,841:INFO:Importing untrained model
2022-07-22 13:18:02,852:INFO:Logistic Regression Imported succesfully
2022-07-22 13:18:02,873:INFO:Starting cross validation
2022-07-22 13:18:02,874:INFO:Cross validating with StratifiedKFold(n_splits=10, random_state=None, shuffle=False), n_jobs=-1
2022-07-22 13:18:12,731:INFO:Calculating mean and std
2022-07-22 13:18:12,732:INFO:Creating metrics dataframe
2022-07-22 13:18:13,039:INFO:Uploading results into container
2022-07-22 13:18:13,040:INFO:Uploading model into container now
2022-07-22 13:18:13,040:INFO:create_model_container: 1
2022-07-22 13:18:13,040:INFO:master_model_container: 1
2022-07-22 13:18:13,040:INFO:display_container: 2
2022-07-22 13:18:13,041:INFO:LogisticRegression(C=1.0, class_weight=None, dual=False, fit_intercept=True,
                   intercept_scaling=1, l1_ratio=None, max_iter=1000,
                   multi_class='auto', n_jobs=None, penalty='l2',
                   random_state=3806, solver='lbfgs', tol=0.0001, verbose=0,
                   warm_start=False)
2022-07-22 13:18:13,041:INFO:create_model() succesfully completed......................................
2022-07-22 13:18:13,189:INFO:SubProcess create_model() end ==================================
2022-07-22 13:18:13,189:INFO:Creating metrics dataframe
2022-07-22 13:18:13,201:INFO:Initializing K Neighbors Classifier
2022-07-22 13:18:13,201:INFO:Total runtime is 0.17309543689092 minutes
2022-07-22 13:18:13,219:INFO:SubProcess create_model() called ==================================
2022-07-22 13:18:13,220:INFO:Initializing create_model()
2022-07-22 13:18:13,220:INFO:create_model(estimator=knn, fold=StratifiedKFold(n_splits=10, random_state=None, shuffle=False), round=4, cross_validation=True, predict=True, fit_kwargs={}, groups=None, refit=False, verbose=False, system=False, metrics=None, experiment_custom_tags=None, add_to_model_list=True, probability_threshold=None, display=<pycaret.internal.Display.Display object at 0x0000015E52CF2340>, return_train_score=False, kwargs={})
2022-07-22 13:18:13,220:INFO:Checking exceptions
2022-07-22 13:18:13,220:INFO:Importing libraries
2022-07-22 13:18:13,221:INFO:Copying training dataset
2022-07-22 13:18:13,221:INFO:Defining folds
2022-07-22 13:18:13,222:INFO:Declaring metric variables
2022-07-22 13:18:13,231:INFO:Importing untrained model
2022-07-22 13:18:13,242:INFO:K Neighbors Classifier Imported succesfully
2022-07-22 13:18:13,264:INFO:Starting cross validation
2022-07-22 13:18:13,265:INFO:Cross validating with StratifiedKFold(n_splits=10, random_state=None, shuffle=False), n_jobs=-1
2022-07-22 13:18:13,467:INFO:Calculating mean and std
2022-07-22 13:18:13,469:INFO:Creating metrics dataframe
2022-07-22 13:18:13,474:INFO:Uploading results into container
2022-07-22 13:18:13,474:INFO:Uploading model into container now
2022-07-22 13:18:13,475:INFO:create_model_container: 2
2022-07-22 13:18:13,475:INFO:master_model_container: 2
2022-07-22 13:18:13,475:INFO:display_container: 2
2022-07-22 13:18:13,476:INFO:KNeighborsClassifier(algorithm='auto', leaf_size=30, metric='minkowski',
                     metric_params=None, n_jobs=-1, n_neighbors=5, p=2,
                     weights='uniform')
2022-07-22 13:18:13,476:INFO:create_model() succesfully completed......................................
2022-07-22 13:18:13,644:INFO:SubProcess create_model() end ==================================
2022-07-22 13:18:13,644:INFO:Creating metrics dataframe
2022-07-22 13:18:13,666:INFO:Initializing Naive Bayes
2022-07-22 13:18:13,666:INFO:Total runtime is 0.18085769017537434 minutes
2022-07-22 13:18:13,681:INFO:SubProcess create_model() called ==================================
2022-07-22 13:18:13,682:INFO:Initializing create_model()
2022-07-22 13:18:13,682:INFO:create_model(estimator=nb, fold=StratifiedKFold(n_splits=10, random_state=None, shuffle=False), round=4, cross_validation=True, predict=True, fit_kwargs={}, groups=None, refit=False, verbose=False, system=False, metrics=None, experiment_custom_tags=None, add_to_model_list=True, probability_threshold=None, display=<pycaret.internal.Display.Display object at 0x0000015E52CF2340>, return_train_score=False, kwargs={})
2022-07-22 13:18:13,682:INFO:Checking exceptions
2022-07-22 13:18:13,682:INFO:Importing libraries
2022-07-22 13:18:13,682:INFO:Copying training dataset
2022-07-22 13:18:13,683:INFO:Defining folds
2022-07-22 13:18:13,683:INFO:Declaring metric variables
2022-07-22 13:18:13,693:INFO:Importing untrained model
2022-07-22 13:18:13,708:INFO:Naive Bayes Imported succesfully
2022-07-22 13:18:13,728:INFO:Starting cross validation
2022-07-22 13:18:13,729:INFO:Cross validating with StratifiedKFold(n_splits=10, random_state=None, shuffle=False), n_jobs=-1
2022-07-22 13:18:13,827:INFO:Calculating mean and std
2022-07-22 13:18:13,828:INFO:Creating metrics dataframe
2022-07-22 13:18:13,836:INFO:Uploading results into container
2022-07-22 13:18:13,836:INFO:Uploading model into container now
2022-07-22 13:18:13,837:INFO:create_model_container: 3
2022-07-22 13:18:13,837:INFO:master_model_container: 3
2022-07-22 13:18:13,837:INFO:display_container: 2
2022-07-22 13:18:13,837:INFO:GaussianNB(priors=None, var_smoothing=1e-09)
2022-07-22 13:18:13,837:INFO:create_model() succesfully completed......................................
2022-07-22 13:18:13,981:INFO:SubProcess create_model() end ==================================
2022-07-22 13:18:13,981:INFO:Creating metrics dataframe
2022-07-22 13:18:13,994:INFO:Initializing Decision Tree Classifier
2022-07-22 13:18:13,994:INFO:Total runtime is 0.18632351954778034 minutes
2022-07-22 13:18:14,005:INFO:SubProcess create_model() called ==================================
2022-07-22 13:18:14,006:INFO:Initializing create_model()
2022-07-22 13:18:14,006:INFO:create_model(estimator=dt, fold=StratifiedKFold(n_splits=10, random_state=None, shuffle=False), round=4, cross_validation=True, predict=True, fit_kwargs={}, groups=None, refit=False, verbose=False, system=False, metrics=None, experiment_custom_tags=None, add_to_model_list=True, probability_threshold=None, display=<pycaret.internal.Display.Display object at 0x0000015E52CF2340>, return_train_score=False, kwargs={})
2022-07-22 13:18:14,006:INFO:Checking exceptions
2022-07-22 13:18:14,006:INFO:Importing libraries
2022-07-22 13:18:14,006:INFO:Copying training dataset
2022-07-22 13:18:14,008:INFO:Defining folds
2022-07-22 13:18:14,008:INFO:Declaring metric variables
2022-07-22 13:18:14,020:INFO:Importing untrained model
2022-07-22 13:18:14,033:INFO:Decision Tree Classifier Imported succesfully
2022-07-22 13:18:14,086:INFO:Starting cross validation
2022-07-22 13:18:14,088:INFO:Cross validating with StratifiedKFold(n_splits=10, random_state=None, shuffle=False), n_jobs=-1
2022-07-22 13:18:14,146:INFO:Calculating mean and std
2022-07-22 13:18:14,148:INFO:Creating metrics dataframe
2022-07-22 13:18:14,157:INFO:Uploading results into container
2022-07-22 13:18:14,158:INFO:Uploading model into container now
2022-07-22 13:18:14,158:INFO:create_model_container: 4
2022-07-22 13:18:14,158:INFO:master_model_container: 4
2022-07-22 13:18:14,158:INFO:display_container: 2
2022-07-22 13:18:14,159:INFO:DecisionTreeClassifier(ccp_alpha=0.0, class_weight=None, criterion='gini',
                       max_depth=None, max_features=None, max_leaf_nodes=None,
                       min_impurity_decrease=0.0, min_impurity_split=None,
                       min_samples_leaf=1, min_samples_split=2,
                       min_weight_fraction_leaf=0.0, presort='deprecated',
                       random_state=3806, splitter='best')
2022-07-22 13:18:14,159:INFO:create_model() succesfully completed......................................
2022-07-22 13:18:14,334:INFO:SubProcess create_model() end ==================================
2022-07-22 13:18:14,334:INFO:Creating metrics dataframe
2022-07-22 13:18:14,355:INFO:Initializing SVM - Linear Kernel
2022-07-22 13:18:14,355:INFO:Total runtime is 0.1923308213551839 minutes
2022-07-22 13:18:14,364:INFO:SubProcess create_model() called ==================================
2022-07-22 13:18:14,364:INFO:Initializing create_model()
2022-07-22 13:18:14,364:INFO:create_model(estimator=svm, fold=StratifiedKFold(n_splits=10, random_state=None, shuffle=False), round=4, cross_validation=True, predict=True, fit_kwargs={}, groups=None, refit=False, verbose=False, system=False, metrics=None, experiment_custom_tags=None, add_to_model_list=True, probability_threshold=None, display=<pycaret.internal.Display.Display object at 0x0000015E52CF2340>, return_train_score=False, kwargs={})
2022-07-22 13:18:14,365:INFO:Checking exceptions
2022-07-22 13:18:14,365:INFO:Importing libraries
2022-07-22 13:18:14,365:INFO:Copying training dataset
2022-07-22 13:18:14,366:INFO:Defining folds
2022-07-22 13:18:14,366:INFO:Declaring metric variables
2022-07-22 13:18:14,377:INFO:Importing untrained model
2022-07-22 13:18:14,387:INFO:SVM - Linear Kernel Imported succesfully
2022-07-22 13:18:14,406:INFO:Starting cross validation
2022-07-22 13:18:14,408:INFO:Cross validating with StratifiedKFold(n_splits=10, random_state=None, shuffle=False), n_jobs=-1
2022-07-22 13:18:14,518:INFO:Calculating mean and std
2022-07-22 13:18:14,519:INFO:Creating metrics dataframe
2022-07-22 13:18:14,524:INFO:Uploading results into container
2022-07-22 13:18:14,524:INFO:Uploading model into container now
2022-07-22 13:18:14,524:INFO:create_model_container: 5
2022-07-22 13:18:14,524:INFO:master_model_container: 5
2022-07-22 13:18:14,525:INFO:display_container: 2
2022-07-22 13:18:14,525:INFO:SGDClassifier(alpha=0.0001, average=False, class_weight=None,
              early_stopping=False, epsilon=0.1, eta0=0.001, fit_intercept=True,
              l1_ratio=0.15, learning_rate='optimal', loss='hinge',
              max_iter=1000, n_iter_no_change=5, n_jobs=-1, penalty='l2',
              power_t=0.5, random_state=3806, shuffle=True, tol=0.001,
              validation_fraction=0.1, verbose=0, warm_start=False)
2022-07-22 13:18:14,525:INFO:create_model() succesfully completed......................................
2022-07-22 13:18:14,679:INFO:SubProcess create_model() end ==================================
2022-07-22 13:18:14,679:INFO:Creating metrics dataframe
2022-07-22 13:18:14,704:INFO:Initializing Ridge Classifier
2022-07-22 13:18:14,704:INFO:Total runtime is 0.1981508175532023 minutes
2022-07-22 13:18:14,716:INFO:SubProcess create_model() called ==================================
2022-07-22 13:18:14,716:INFO:Initializing create_model()
2022-07-22 13:18:14,716:INFO:create_model(estimator=ridge, fold=StratifiedKFold(n_splits=10, random_state=None, shuffle=False), round=4, cross_validation=True, predict=True, fit_kwargs={}, groups=None, refit=False, verbose=False, system=False, metrics=None, experiment_custom_tags=None, add_to_model_list=True, probability_threshold=None, display=<pycaret.internal.Display.Display object at 0x0000015E52CF2340>, return_train_score=False, kwargs={})
2022-07-22 13:18:14,717:INFO:Checking exceptions
2022-07-22 13:18:14,717:INFO:Importing libraries
2022-07-22 13:18:14,717:INFO:Copying training dataset
2022-07-22 13:18:14,718:INFO:Defining folds
2022-07-22 13:18:14,718:INFO:Declaring metric variables
2022-07-22 13:18:14,728:INFO:Importing untrained model
2022-07-22 13:18:14,746:INFO:Ridge Classifier Imported succesfully
2022-07-22 13:18:14,764:INFO:Starting cross validation
2022-07-22 13:18:14,764:INFO:Cross validating with StratifiedKFold(n_splits=10, random_state=None, shuffle=False), n_jobs=-1
2022-07-22 13:18:14,967:INFO:Calculating mean and std
2022-07-22 13:18:14,968:INFO:Creating metrics dataframe
2022-07-22 13:18:14,975:INFO:Uploading results into container
2022-07-22 13:18:14,975:INFO:Uploading model into container now
2022-07-22 13:18:14,975:INFO:create_model_container: 6
2022-07-22 13:18:14,975:INFO:master_model_container: 6
2022-07-22 13:18:14,975:INFO:display_container: 2
2022-07-22 13:18:14,975:INFO:RidgeClassifier(alpha=1.0, class_weight=None, copy_X=True, fit_intercept=True,
                max_iter=None, normalize=False, random_state=3806,
                solver='auto', tol=0.001)
2022-07-22 13:18:14,976:INFO:create_model() succesfully completed......................................
2022-07-22 13:18:15,117:INFO:SubProcess create_model() end ==================================
2022-07-22 13:18:15,117:INFO:Creating metrics dataframe
2022-07-22 13:18:15,138:INFO:Initializing Random Forest Classifier
2022-07-22 13:18:15,138:INFO:Total runtime is 0.2053793430328369 minutes
2022-07-22 13:18:15,147:INFO:SubProcess create_model() called ==================================
2022-07-22 13:18:15,147:INFO:Initializing create_model()
2022-07-22 13:18:15,148:INFO:create_model(estimator=rf, fold=StratifiedKFold(n_splits=10, random_state=None, shuffle=False), round=4, cross_validation=True, predict=True, fit_kwargs={}, groups=None, refit=False, verbose=False, system=False, metrics=None, experiment_custom_tags=None, add_to_model_list=True, probability_threshold=None, display=<pycaret.internal.Display.Display object at 0x0000015E52CF2340>, return_train_score=False, kwargs={})
2022-07-22 13:18:15,148:INFO:Checking exceptions
2022-07-22 13:18:15,148:INFO:Importing libraries
2022-07-22 13:18:15,148:INFO:Copying training dataset
2022-07-22 13:18:15,149:INFO:Defining folds
2022-07-22 13:18:15,149:INFO:Declaring metric variables
2022-07-22 13:18:15,157:INFO:Importing untrained model
2022-07-22 13:18:15,166:INFO:Random Forest Classifier Imported succesfully
2022-07-22 13:18:15,190:INFO:Starting cross validation
2022-07-22 13:18:15,191:INFO:Cross validating with StratifiedKFold(n_splits=10, random_state=None, shuffle=False), n_jobs=-1
2022-07-22 13:18:16,602:INFO:Calculating mean and std
2022-07-22 13:18:16,603:INFO:Creating metrics dataframe
2022-07-22 13:18:16,611:INFO:Uploading results into container
2022-07-22 13:18:16,612:INFO:Uploading model into container now
2022-07-22 13:18:16,612:INFO:create_model_container: 7
2022-07-22 13:18:16,612:INFO:master_model_container: 7
2022-07-22 13:18:16,612:INFO:display_container: 2
2022-07-22 13:18:16,613:INFO:RandomForestClassifier(bootstrap=True, ccp_alpha=0.0, class_weight=None,
                       criterion='gini', max_depth=None, max_features='auto',
                       max_leaf_nodes=None, max_samples=None,
                       min_impurity_decrease=0.0, min_impurity_split=None,
                       min_samples_leaf=1, min_samples_split=2,
                       min_weight_fraction_leaf=0.0, n_estimators=100,
                       n_jobs=-1, oob_score=False, random_state=3806, verbose=0,
                       warm_start=False)
2022-07-22 13:18:16,613:INFO:create_model() succesfully completed......................................
2022-07-22 13:18:16,749:INFO:SubProcess create_model() end ==================================
2022-07-22 13:18:16,749:INFO:Creating metrics dataframe
2022-07-22 13:18:16,762:INFO:Initializing Quadratic Discriminant Analysis
2022-07-22 13:18:16,762:INFO:Total runtime is 0.23244743347167968 minutes
2022-07-22 13:18:16,771:INFO:SubProcess create_model() called ==================================
2022-07-22 13:18:16,772:INFO:Initializing create_model()
2022-07-22 13:18:16,773:INFO:create_model(estimator=qda, fold=StratifiedKFold(n_splits=10, random_state=None, shuffle=False), round=4, cross_validation=True, predict=True, fit_kwargs={}, groups=None, refit=False, verbose=False, system=False, metrics=None, experiment_custom_tags=None, add_to_model_list=True, probability_threshold=None, display=<pycaret.internal.Display.Display object at 0x0000015E52CF2340>, return_train_score=False, kwargs={})
2022-07-22 13:18:16,773:INFO:Checking exceptions
2022-07-22 13:18:16,773:INFO:Importing libraries
2022-07-22 13:18:16,773:INFO:Copying training dataset
2022-07-22 13:18:16,774:INFO:Defining folds
2022-07-22 13:18:16,774:INFO:Declaring metric variables
2022-07-22 13:18:16,783:INFO:Importing untrained model
2022-07-22 13:18:16,792:INFO:Quadratic Discriminant Analysis Imported succesfully
2022-07-22 13:18:16,812:INFO:Starting cross validation
2022-07-22 13:18:16,813:INFO:Cross validating with StratifiedKFold(n_splits=10, random_state=None, shuffle=False), n_jobs=-1
2022-07-22 13:18:16,930:INFO:Calculating mean and std
2022-07-22 13:18:16,932:INFO:Creating metrics dataframe
2022-07-22 13:18:16,939:INFO:Uploading results into container
2022-07-22 13:18:16,940:INFO:Uploading model into container now
2022-07-22 13:18:16,940:INFO:create_model_container: 8
2022-07-22 13:18:16,940:INFO:master_model_container: 8
2022-07-22 13:18:16,940:INFO:display_container: 2
2022-07-22 13:18:16,940:INFO:QuadraticDiscriminantAnalysis(priors=None, reg_param=0.0,
                              store_covariance=False, tol=0.0001)
2022-07-22 13:18:16,940:INFO:create_model() succesfully completed......................................
2022-07-22 13:18:17,082:INFO:SubProcess create_model() end ==================================
2022-07-22 13:18:17,082:INFO:Creating metrics dataframe
2022-07-22 13:18:17,109:INFO:Initializing Ada Boost Classifier
2022-07-22 13:18:17,109:INFO:Total runtime is 0.23822925090789793 minutes
2022-07-22 13:18:17,118:INFO:SubProcess create_model() called ==================================
2022-07-22 13:18:17,119:INFO:Initializing create_model()
2022-07-22 13:18:17,119:INFO:create_model(estimator=ada, fold=StratifiedKFold(n_splits=10, random_state=None, shuffle=False), round=4, cross_validation=True, predict=True, fit_kwargs={}, groups=None, refit=False, verbose=False, system=False, metrics=None, experiment_custom_tags=None, add_to_model_list=True, probability_threshold=None, display=<pycaret.internal.Display.Display object at 0x0000015E52CF2340>, return_train_score=False, kwargs={})
2022-07-22 13:18:17,119:INFO:Checking exceptions
2022-07-22 13:18:17,119:INFO:Importing libraries
2022-07-22 13:18:17,119:INFO:Copying training dataset
2022-07-22 13:18:17,120:INFO:Defining folds
2022-07-22 13:18:17,120:INFO:Declaring metric variables
2022-07-22 13:18:17,132:INFO:Importing untrained model
2022-07-22 13:18:17,140:INFO:Ada Boost Classifier Imported succesfully
2022-07-22 13:18:17,155:INFO:Starting cross validation
2022-07-22 13:18:17,156:INFO:Cross validating with StratifiedKFold(n_splits=10, random_state=None, shuffle=False), n_jobs=-1
2022-07-22 13:18:17,742:INFO:Calculating mean and std
2022-07-22 13:18:17,743:INFO:Creating metrics dataframe
2022-07-22 13:18:17,748:INFO:Uploading results into container
2022-07-22 13:18:17,748:INFO:Uploading model into container now
2022-07-22 13:18:17,748:INFO:create_model_container: 9
2022-07-22 13:18:17,749:INFO:master_model_container: 9
2022-07-22 13:18:17,749:INFO:display_container: 2
2022-07-22 13:18:17,749:INFO:AdaBoostClassifier(algorithm='SAMME.R', base_estimator=None, learning_rate=1.0,
                   n_estimators=50, random_state=3806)
2022-07-22 13:18:17,749:INFO:create_model() succesfully completed......................................
2022-07-22 13:18:17,886:INFO:SubProcess create_model() end ==================================
2022-07-22 13:18:17,886:INFO:Creating metrics dataframe
2022-07-22 13:18:17,918:INFO:Initializing Gradient Boosting Classifier
2022-07-22 13:18:17,920:INFO:Total runtime is 0.2517545223236084 minutes
2022-07-22 13:18:17,932:INFO:SubProcess create_model() called ==================================
2022-07-22 13:18:17,933:INFO:Initializing create_model()
2022-07-22 13:18:17,934:INFO:create_model(estimator=gbc, fold=StratifiedKFold(n_splits=10, random_state=None, shuffle=False), round=4, cross_validation=True, predict=True, fit_kwargs={}, groups=None, refit=False, verbose=False, system=False, metrics=None, experiment_custom_tags=None, add_to_model_list=True, probability_threshold=None, display=<pycaret.internal.Display.Display object at 0x0000015E52CF2340>, return_train_score=False, kwargs={})
2022-07-22 13:18:17,934:INFO:Checking exceptions
2022-07-22 13:18:17,934:INFO:Importing libraries
2022-07-22 13:18:17,934:INFO:Copying training dataset
2022-07-22 13:18:17,935:INFO:Defining folds
2022-07-22 13:18:17,936:INFO:Declaring metric variables
2022-07-22 13:18:17,944:INFO:Importing untrained model
2022-07-22 13:18:17,952:INFO:Gradient Boosting Classifier Imported succesfully
2022-07-22 13:18:17,968:INFO:Starting cross validation
2022-07-22 13:18:17,969:INFO:Cross validating with StratifiedKFold(n_splits=10, random_state=None, shuffle=False), n_jobs=-1
2022-07-22 13:18:18,678:INFO:Calculating mean and std
2022-07-22 13:18:18,679:INFO:Creating metrics dataframe
2022-07-22 13:18:18,684:INFO:Uploading results into container
2022-07-22 13:18:18,684:INFO:Uploading model into container now
2022-07-22 13:18:18,684:INFO:create_model_container: 10
2022-07-22 13:18:18,685:INFO:master_model_container: 10
2022-07-22 13:18:18,685:INFO:display_container: 2
2022-07-22 13:18:18,686:INFO:GradientBoostingClassifier(ccp_alpha=0.0, criterion='friedman_mse', init=None,
                           learning_rate=0.1, loss='deviance', max_depth=3,
                           max_features=None, max_leaf_nodes=None,
                           min_impurity_decrease=0.0, min_impurity_split=None,
                           min_samples_leaf=1, min_samples_split=2,
                           min_weight_fraction_leaf=0.0, n_estimators=100,
                           n_iter_no_change=None, presort='deprecated',
                           random_state=3806, subsample=1.0, tol=0.0001,
                           validation_fraction=0.1, verbose=0,
                           warm_start=False)
2022-07-22 13:18:18,686:INFO:create_model() succesfully completed......................................
2022-07-22 13:18:18,816:INFO:SubProcess create_model() end ==================================
2022-07-22 13:18:18,816:INFO:Creating metrics dataframe
2022-07-22 13:18:18,831:INFO:Initializing Linear Discriminant Analysis
2022-07-22 13:18:18,831:INFO:Total runtime is 0.26693554321924845 minutes
2022-07-22 13:18:18,852:INFO:SubProcess create_model() called ==================================
2022-07-22 13:18:18,853:INFO:Initializing create_model()
2022-07-22 13:18:18,853:INFO:create_model(estimator=lda, fold=StratifiedKFold(n_splits=10, random_state=None, shuffle=False), round=4, cross_validation=True, predict=True, fit_kwargs={}, groups=None, refit=False, verbose=False, system=False, metrics=None, experiment_custom_tags=None, add_to_model_list=True, probability_threshold=None, display=<pycaret.internal.Display.Display object at 0x0000015E52CF2340>, return_train_score=False, kwargs={})
2022-07-22 13:18:18,853:INFO:Checking exceptions
2022-07-22 13:18:18,853:INFO:Importing libraries
2022-07-22 13:18:18,853:INFO:Copying training dataset
2022-07-22 13:18:18,854:INFO:Defining folds
2022-07-22 13:18:18,854:INFO:Declaring metric variables
2022-07-22 13:18:18,861:INFO:Importing untrained model
2022-07-22 13:18:18,872:INFO:Linear Discriminant Analysis Imported succesfully
2022-07-22 13:18:18,889:INFO:Starting cross validation
2022-07-22 13:18:18,889:INFO:Cross validating with StratifiedKFold(n_splits=10, random_state=None, shuffle=False), n_jobs=-1
2022-07-22 13:18:18,991:INFO:Calculating mean and std
2022-07-22 13:18:18,992:INFO:Creating metrics dataframe
2022-07-22 13:18:19,001:INFO:Uploading results into container
2022-07-22 13:18:19,002:INFO:Uploading model into container now
2022-07-22 13:18:19,002:INFO:create_model_container: 11
2022-07-22 13:18:19,002:INFO:master_model_container: 11
2022-07-22 13:18:19,002:INFO:display_container: 2
2022-07-22 13:18:19,002:INFO:LinearDiscriminantAnalysis(n_components=None, priors=None, shrinkage=None,
                           solver='svd', store_covariance=False, tol=0.0001)
2022-07-22 13:18:19,002:INFO:create_model() succesfully completed......................................
2022-07-22 13:18:19,145:INFO:SubProcess create_model() end ==================================
2022-07-22 13:18:19,145:INFO:Creating metrics dataframe
2022-07-22 13:18:19,161:INFO:Initializing Extra Trees Classifier
2022-07-22 13:18:19,161:INFO:Total runtime is 0.27242725690205893 minutes
2022-07-22 13:18:19,170:INFO:SubProcess create_model() called ==================================
2022-07-22 13:18:19,170:INFO:Initializing create_model()
2022-07-22 13:18:19,170:INFO:create_model(estimator=et, fold=StratifiedKFold(n_splits=10, random_state=None, shuffle=False), round=4, cross_validation=True, predict=True, fit_kwargs={}, groups=None, refit=False, verbose=False, system=False, metrics=None, experiment_custom_tags=None, add_to_model_list=True, probability_threshold=None, display=<pycaret.internal.Display.Display object at 0x0000015E52CF2340>, return_train_score=False, kwargs={})
2022-07-22 13:18:19,171:INFO:Checking exceptions
2022-07-22 13:18:19,171:INFO:Importing libraries
2022-07-22 13:18:19,171:INFO:Copying training dataset
2022-07-22 13:18:19,173:INFO:Defining folds
2022-07-22 13:18:19,173:INFO:Declaring metric variables
2022-07-22 13:18:19,182:INFO:Importing untrained model
2022-07-22 13:18:19,191:INFO:Extra Trees Classifier Imported succesfully
2022-07-22 13:18:19,211:INFO:Starting cross validation
2022-07-22 13:18:19,212:INFO:Cross validating with StratifiedKFold(n_splits=10, random_state=None, shuffle=False), n_jobs=-1
2022-07-22 13:18:20,452:INFO:Calculating mean and std
2022-07-22 13:18:20,455:INFO:Creating metrics dataframe
2022-07-22 13:18:20,463:INFO:Uploading results into container
2022-07-22 13:18:20,465:INFO:Uploading model into container now
2022-07-22 13:18:20,465:INFO:create_model_container: 12
2022-07-22 13:18:20,465:INFO:master_model_container: 12
2022-07-22 13:18:20,465:INFO:display_container: 2
2022-07-22 13:18:20,465:INFO:ExtraTreesClassifier(bootstrap=False, ccp_alpha=0.0, class_weight=None,
                     criterion='gini', max_depth=None, max_features='auto',
                     max_leaf_nodes=None, max_samples=None,
                     min_impurity_decrease=0.0, min_impurity_split=None,
                     min_samples_leaf=1, min_samples_split=2,
                     min_weight_fraction_leaf=0.0, n_estimators=100, n_jobs=-1,
                     oob_score=False, random_state=3806, verbose=0,
                     warm_start=False)
2022-07-22 13:18:20,465:INFO:create_model() succesfully completed......................................
2022-07-22 13:18:20,610:INFO:SubProcess create_model() end ==================================
2022-07-22 13:18:20,610:INFO:Creating metrics dataframe
2022-07-22 13:18:20,625:INFO:Initializing Light Gradient Boosting Machine
2022-07-22 13:18:20,626:INFO:Total runtime is 0.2968396027882894 minutes
2022-07-22 13:18:20,637:INFO:SubProcess create_model() called ==================================
2022-07-22 13:18:20,637:INFO:Initializing create_model()
2022-07-22 13:18:20,637:INFO:create_model(estimator=lightgbm, fold=StratifiedKFold(n_splits=10, random_state=None, shuffle=False), round=4, cross_validation=True, predict=True, fit_kwargs={}, groups=None, refit=False, verbose=False, system=False, metrics=None, experiment_custom_tags=None, add_to_model_list=True, probability_threshold=None, display=<pycaret.internal.Display.Display object at 0x0000015E52CF2340>, return_train_score=False, kwargs={})
2022-07-22 13:18:20,637:INFO:Checking exceptions
2022-07-22 13:18:20,638:INFO:Importing libraries
2022-07-22 13:18:20,638:INFO:Copying training dataset
2022-07-22 13:18:20,638:INFO:Defining folds
2022-07-22 13:18:20,639:INFO:Declaring metric variables
2022-07-22 13:18:20,650:INFO:Importing untrained model
2022-07-22 13:18:20,658:INFO:Light Gradient Boosting Machine Imported succesfully
2022-07-22 13:18:20,681:INFO:Starting cross validation
2022-07-22 13:18:20,682:INFO:Cross validating with StratifiedKFold(n_splits=10, random_state=None, shuffle=False), n_jobs=-1
2022-07-22 13:18:20,945:INFO:Calculating mean and std
2022-07-22 13:18:20,946:INFO:Creating metrics dataframe
2022-07-22 13:18:20,955:INFO:Uploading results into container
2022-07-22 13:18:20,955:INFO:Uploading model into container now
2022-07-22 13:18:20,955:INFO:create_model_container: 13
2022-07-22 13:18:20,955:INFO:master_model_container: 13
2022-07-22 13:18:20,955:INFO:display_container: 2
2022-07-22 13:18:20,956:INFO:LGBMClassifier(boosting_type='gbdt', class_weight=None, colsample_bytree=1.0,
               importance_type='split', learning_rate=0.1, max_depth=-1,
               min_child_samples=20, min_child_weight=0.001, min_split_gain=0.0,
               n_estimators=100, n_jobs=-1, num_leaves=31, objective=None,
               random_state=3806, reg_alpha=0.0, reg_lambda=0.0, silent='warn',
               subsample=1.0, subsample_for_bin=200000, subsample_freq=0)
2022-07-22 13:18:20,956:INFO:create_model() succesfully completed......................................
2022-07-22 13:18:21,106:INFO:SubProcess create_model() end ==================================
2022-07-22 13:18:21,106:INFO:Creating metrics dataframe
2022-07-22 13:18:21,131:INFO:Initializing Dummy Classifier
2022-07-22 13:18:21,131:INFO:Total runtime is 0.30527604023615523 minutes
2022-07-22 13:18:21,145:INFO:SubProcess create_model() called ==================================
2022-07-22 13:18:21,145:INFO:Initializing create_model()
2022-07-22 13:18:21,145:INFO:create_model(estimator=dummy, fold=StratifiedKFold(n_splits=10, random_state=None, shuffle=False), round=4, cross_validation=True, predict=True, fit_kwargs={}, groups=None, refit=False, verbose=False, system=False, metrics=None, experiment_custom_tags=None, add_to_model_list=True, probability_threshold=None, display=<pycaret.internal.Display.Display object at 0x0000015E52CF2340>, return_train_score=False, kwargs={})
2022-07-22 13:18:21,145:INFO:Checking exceptions
2022-07-22 13:18:21,145:INFO:Importing libraries
2022-07-22 13:18:21,145:INFO:Copying training dataset
2022-07-22 13:18:21,146:INFO:Defining folds
2022-07-22 13:18:21,148:INFO:Declaring metric variables
2022-07-22 13:18:21,161:INFO:Importing untrained model
2022-07-22 13:18:21,180:INFO:Dummy Classifier Imported succesfully
2022-07-22 13:18:21,206:INFO:Starting cross validation
2022-07-22 13:18:21,207:INFO:Cross validating with StratifiedKFold(n_splits=10, random_state=None, shuffle=False), n_jobs=-1
2022-07-22 13:18:21,291:INFO:Calculating mean and std
2022-07-22 13:18:21,292:INFO:Creating metrics dataframe
2022-07-22 13:18:21,301:INFO:Uploading results into container
2022-07-22 13:18:21,301:INFO:Uploading model into container now
2022-07-22 13:18:21,301:INFO:create_model_container: 14
2022-07-22 13:18:21,302:INFO:master_model_container: 14
2022-07-22 13:18:21,302:INFO:display_container: 2
2022-07-22 13:18:21,302:INFO:DummyClassifier(constant=None, random_state=3806, strategy='prior')
2022-07-22 13:18:21,302:INFO:create_model() succesfully completed......................................
2022-07-22 13:18:21,479:INFO:SubProcess create_model() end ==================================
2022-07-22 13:18:21,479:INFO:Creating metrics dataframe
2022-07-22 13:18:21,525:INFO:Initializing create_model()
2022-07-22 13:18:21,526:INFO:create_model(estimator=LogisticRegression(C=1.0, class_weight=None, dual=False, fit_intercept=True,
                   intercept_scaling=1, l1_ratio=None, max_iter=1000,
                   multi_class='auto', n_jobs=None, penalty='l2',
                   random_state=3806, solver='lbfgs', tol=0.0001, verbose=0,
                   warm_start=False), fold=StratifiedKFold(n_splits=10, random_state=None, shuffle=False), round=4, cross_validation=False, predict=False, fit_kwargs={}, groups=None, refit=True, verbose=False, system=False, metrics=None, experiment_custom_tags=None, add_to_model_list=True, probability_threshold=None, display=None, return_train_score=False, kwargs={})
2022-07-22 13:18:21,527:INFO:Checking exceptions
2022-07-22 13:18:21,527:INFO:Importing libraries
2022-07-22 13:18:21,527:INFO:Copying training dataset
2022-07-22 13:18:21,527:INFO:Defining folds
2022-07-22 13:18:21,527:INFO:Declaring metric variables
2022-07-22 13:18:21,527:INFO:Importing untrained model
2022-07-22 13:18:21,528:INFO:Declaring custom model
2022-07-22 13:18:21,528:INFO:Logistic Regression Imported succesfully
2022-07-22 13:18:21,529:INFO:Cross validation set to False
2022-07-22 13:18:21,529:INFO:Fitting Model
2022-07-22 13:18:21,965:INFO:LogisticRegression(C=1.0, class_weight=None, dual=False, fit_intercept=True,
                   intercept_scaling=1, l1_ratio=None, max_iter=1000,
                   multi_class='auto', n_jobs=None, penalty='l2',
                   random_state=3806, solver='lbfgs', tol=0.0001, verbose=0,
                   warm_start=False)
2022-07-22 13:18:21,965:INFO:create_models() succesfully completed......................................
2022-07-22 13:18:22,165:INFO:create_model_container: 14
2022-07-22 13:18:22,167:INFO:master_model_container: 14
2022-07-22 13:18:22,168:INFO:display_container: 2
2022-07-22 13:18:22,169:INFO:LogisticRegression(C=1.0, class_weight=None, dual=False, fit_intercept=True,
                   intercept_scaling=1, l1_ratio=None, max_iter=1000,
                   multi_class='auto', n_jobs=None, penalty='l2',
                   random_state=3806, solver='lbfgs', tol=0.0001, verbose=0,
                   warm_start=False)
2022-07-22 13:18:22,169:INFO:compare_models() succesfully completed......................................
2022-07-22 13:19:54,086:INFO:Initializing create_model()
2022-07-22 13:19:54,087:INFO:create_model(estimator=rf, fold=None, round=4, cross_validation=True, predict=True, fit_kwargs=None, groups=None, refit=True, verbose=True, system=True, metrics=None, experiment_custom_tags=None, add_to_model_list=True, probability_threshold=None, display=None, return_train_score=False, kwargs={})
2022-07-22 13:19:54,087:INFO:Checking exceptions
2022-07-22 13:19:54,087:INFO:Preparing display monitor
2022-07-22 13:19:54,109:INFO:Importing libraries
2022-07-22 13:19:54,109:INFO:Copying training dataset
2022-07-22 13:19:54,110:INFO:Defining folds
2022-07-22 13:19:54,110:INFO:Declaring metric variables
2022-07-22 13:19:54,120:INFO:Importing untrained model
2022-07-22 13:19:54,129:INFO:Random Forest Classifier Imported succesfully
2022-07-22 13:19:54,152:INFO:Starting cross validation
2022-07-22 13:19:54,153:INFO:Cross validating with StratifiedKFold(n_splits=10, random_state=None, shuffle=False), n_jobs=-1
2022-07-22 13:19:55,564:INFO:Calculating mean and std
2022-07-22 13:19:55,566:INFO:Creating metrics dataframe
2022-07-22 13:19:55,577:INFO:Finalizing model
2022-07-22 13:19:55,876:INFO:Uploading results into container
2022-07-22 13:19:55,877:INFO:Uploading model into container now
2022-07-22 13:19:55,888:INFO:create_model_container: 15
2022-07-22 13:19:55,889:INFO:master_model_container: 15
2022-07-22 13:19:55,889:INFO:display_container: 3
2022-07-22 13:19:55,889:INFO:RandomForestClassifier(bootstrap=True, ccp_alpha=0.0, class_weight=None,
                       criterion='gini', max_depth=None, max_features='auto',
                       max_leaf_nodes=None, max_samples=None,
                       min_impurity_decrease=0.0, min_impurity_split=None,
                       min_samples_leaf=1, min_samples_split=2,
                       min_weight_fraction_leaf=0.0, n_estimators=100,
                       n_jobs=-1, oob_score=False, random_state=3806, verbose=0,
                       warm_start=False)
2022-07-22 13:19:55,889:INFO:create_model() succesfully completed......................................
2022-07-22 13:20:28,613:INFO:Initializing save_model()
2022-07-22 13:20:28,613:INFO:save_model(model=RandomForestClassifier(bootstrap=True, ccp_alpha=0.0, class_weight=None,
                       criterion='gini', max_depth=None, max_features='auto',
                       max_leaf_nodes=None, max_samples=None,
                       min_impurity_decrease=0.0, min_impurity_split=None,
                       min_samples_leaf=1, min_samples_split=2,
                       min_weight_fraction_leaf=0.0, n_estimators=100,
                       n_jobs=-1, oob_score=False, random_state=3806, verbose=0,
                       warm_start=False), model_name=rf, prep_pipe_=Pipeline(memory=None,
         steps=[('dtypes',
                 DataTypes_Auto_infer(categorical_features=[],
                                      display_types=True, features_todrop=[],
                                      id_columns=[],
                                      ml_usecase='classification',
                                      numerical_features=[], target='Outcome',
                                      time_features=[])),
                ('imputer',
                 Simple_Imputer(categorical_strategy='not_available',
                                fill_value_categorical=None,
                                fill_value_numerical=None,
                                numeric_stra...
                ('scaling', 'passthrough'), ('P_transform', 'passthrough'),
                ('binn', 'passthrough'), ('rem_outliers', 'passthrough'),
                ('cluster_all', 'passthrough'),
                ('dummy', Dummify(target='Outcome')),
                ('fix_perfect', Remove_100(target='Outcome')),
                ('clean_names', Clean_Colum_Names()),
                ('feature_select', 'passthrough'), ('fix_multi', 'passthrough'),
                ('dfs', 'passthrough'), ('pca', 'passthrough')],
         verbose=False), verbose=True, kwargs={})
2022-07-22 13:20:28,613:INFO:Adding model into prep_pipe
2022-07-22 13:20:28,679:INFO:rf.pkl saved in current working directory
2022-07-22 13:20:28,686:INFO:Pipeline(memory=None,
         steps=[('dtypes',
                 DataTypes_Auto_infer(categorical_features=[],
                                      display_types=True, features_todrop=[],
                                      id_columns=[],
                                      ml_usecase='classification',
                                      numerical_features=[], target='Outcome',
                                      time_features=[])),
                ('imputer',
                 Simple_Imputer(categorical_strategy='not_available',
                                fill_value_categorical=None,
                                fill_value_numerical=None,
                                numeric_stra...
                 RandomForestClassifier(bootstrap=True, ccp_alpha=0.0,
                                        class_weight=None, criterion='gini',
                                        max_depth=None, max_features='auto',
                                        max_leaf_nodes=None, max_samples=None,
                                        min_impurity_decrease=0.0,
                                        min_impurity_split=None,
                                        min_samples_leaf=1, min_samples_split=2,
                                        min_weight_fraction_leaf=0.0,
                                        n_estimators=100, n_jobs=-1,
                                        oob_score=False, random_state=3806,
                                        verbose=0, warm_start=False)]],
         verbose=False)
2022-07-22 13:20:28,686:INFO:save_model() successfully completed......................................
2022-07-22 13:25:18,220:INFO:Initializing load_model()
2022-07-22 13:25:18,220:INFO:load_model(model_name=rf, platform=None, authentication=None, verbose=True)
2022-07-22 13:31:10,265:INFO:Initializing load_model()
2022-07-22 13:31:10,265:INFO:load_model(model_name=rf, platform=None, authentication=None, verbose=True)
2022-07-22 13:31:22,498:INFO:Initializing load_model()
2022-07-22 13:31:22,498:INFO:load_model(model_name=rf, platform=None, authentication=None, verbose=True)
2022-07-22 13:31:22,995:INFO:Initializing load_model()
2022-07-22 13:31:22,996:INFO:load_model(model_name=rf, platform=None, authentication=None, verbose=True)
2022-07-22 13:32:40,877:INFO:Initializing load_model()
2022-07-22 13:32:40,881:INFO:load_model(model_name=rf, platform=None, authentication=None, verbose=True)
2022-07-22 13:32:46,004:INFO:Initializing load_model()
2022-07-22 13:32:46,005:INFO:load_model(model_name=rf, platform=None, authentication=None, verbose=True)
2022-07-22 13:32:48,405:INFO:Initializing load_model()
2022-07-22 13:32:48,406:INFO:load_model(model_name=rf, platform=None, authentication=None, verbose=True)
2022-07-22 13:33:16,708:INFO:Initializing load_model()
2022-07-22 13:33:16,709:INFO:load_model(model_name=rf, platform=None, authentication=None, verbose=True)
2022-07-22 13:33:24,080:INFO:Initializing load_model()
2022-07-22 13:33:24,082:INFO:load_model(model_name=rf, platform=None, authentication=None, verbose=True)
2022-07-22 13:36:04,334:INFO:Initializing load_model()
2022-07-22 13:36:04,335:INFO:load_model(model_name=rf, platform=None, authentication=None, verbose=True)
2022-07-22 13:36:34,141:INFO:Initializing load_model()
2022-07-22 13:36:34,144:INFO:load_model(model_name=rf, platform=None, authentication=None, verbose=True)
2022-07-22 13:39:45,205:INFO:Initializing load_model()
2022-07-22 13:39:45,213:INFO:load_model(model_name=rf, platform=None, authentication=None, verbose=True)
2022-07-22 13:39:45,317:INFO:Initializing predict_model()
2022-07-22 13:39:45,317:INFO:predict_model(estimator=Pipeline(steps=[('dtypes',
                 DataTypes_Auto_infer(ml_usecase='classification',
                                      target='Outcome')),
                ('imputer',
                 Simple_Imputer(categorical_strategy='not_available',
                                fill_value_categorical=None,
                                fill_value_numerical=None,
                                numeric_strategy='mean',
                                target_variable=None)),
                ('new_levels1',
                 New_Catagorical_Levels_in_TestData(replacement_strategy='least '
                                                                         'frequent',
                                                    tar...
                ('binn', 'passthrough'), ('rem_outliers', 'passthrough'),
                ('cluster_all', 'passthrough'),
                ('dummy', Dummify(target='Outcome')),
                ('fix_perfect', Remove_100(target='Outcome')),
                ('clean_names', Clean_Colum_Names()),
                ('feature_select', 'passthrough'), ('fix_multi', 'passthrough'),
                ('dfs', 'passthrough'), ('pca', 'passthrough'),
                ['trained_model',
                 RandomForestClassifier(n_jobs=-1, random_state=3806)]]), probability_threshold=None, encoded_labels=False, drift_report=False, raw_score=False, round=4, verbose=True, ml_usecase=MLUsecase.CLASSIFICATION, display=None, drift_kwargs=None)
2022-07-22 13:39:45,319:INFO:Checking exceptions
2022-07-22 13:39:45,320:INFO:Preloading libraries
2022-07-22 13:40:33,908:INFO:Initializing load_model()
2022-07-22 13:40:33,917:INFO:load_model(model_name=rf, platform=None, authentication=None, verbose=True)
2022-07-22 13:40:34,031:INFO:Initializing predict_model()
2022-07-22 13:40:34,031:INFO:predict_model(estimator=Pipeline(steps=[('dtypes',
                 DataTypes_Auto_infer(ml_usecase='classification',
                                      target='Outcome')),
                ('imputer',
                 Simple_Imputer(categorical_strategy='not_available',
                                fill_value_categorical=None,
                                fill_value_numerical=None,
                                numeric_strategy='mean',
                                target_variable=None)),
                ('new_levels1',
                 New_Catagorical_Levels_in_TestData(replacement_strategy='least '
                                                                         'frequent',
                                                    tar...
                ('binn', 'passthrough'), ('rem_outliers', 'passthrough'),
                ('cluster_all', 'passthrough'),
                ('dummy', Dummify(target='Outcome')),
                ('fix_perfect', Remove_100(target='Outcome')),
                ('clean_names', Clean_Colum_Names()),
                ('feature_select', 'passthrough'), ('fix_multi', 'passthrough'),
                ('dfs', 'passthrough'), ('pca', 'passthrough'),
                ['trained_model',
                 RandomForestClassifier(n_jobs=-1, random_state=3806)]]), probability_threshold=None, encoded_labels=False, drift_report=False, raw_score=False, round=4, verbose=True, ml_usecase=MLUsecase.CLASSIFICATION, display=None, drift_kwargs=None)
2022-07-22 13:40:34,032:INFO:Checking exceptions
2022-07-22 13:40:34,033:INFO:Preloading libraries
2022-07-22 13:40:58,197:INFO:Initializing load_model()
2022-07-22 13:40:58,198:INFO:load_model(model_name=rf, platform=None, authentication=None, verbose=True)
2022-07-22 13:40:58,288:INFO:Initializing predict_model()
2022-07-22 13:40:58,289:INFO:predict_model(estimator=Pipeline(steps=[('dtypes',
                 DataTypes_Auto_infer(ml_usecase='classification',
                                      target='Outcome')),
                ('imputer',
                 Simple_Imputer(categorical_strategy='not_available',
                                fill_value_categorical=None,
                                fill_value_numerical=None,
                                numeric_strategy='mean',
                                target_variable=None)),
                ('new_levels1',
                 New_Catagorical_Levels_in_TestData(replacement_strategy='least '
                                                                         'frequent',
                                                    tar...
                ('binn', 'passthrough'), ('rem_outliers', 'passthrough'),
                ('cluster_all', 'passthrough'),
                ('dummy', Dummify(target='Outcome')),
                ('fix_perfect', Remove_100(target='Outcome')),
                ('clean_names', Clean_Colum_Names()),
                ('feature_select', 'passthrough'), ('fix_multi', 'passthrough'),
                ('dfs', 'passthrough'), ('pca', 'passthrough'),
                ['trained_model',
                 RandomForestClassifier(n_jobs=-1, random_state=3806)]]), probability_threshold=None, encoded_labels=False, drift_report=False, raw_score=False, round=4, verbose=True, ml_usecase=MLUsecase.CLASSIFICATION, display=None, drift_kwargs=None)
2022-07-22 13:40:58,290:INFO:Checking exceptions
2022-07-22 13:40:58,291:INFO:Preloading libraries
2022-07-22 13:41:06,215:INFO:Initializing load_model()
2022-07-22 13:41:06,216:INFO:load_model(model_name=rf, platform=None, authentication=None, verbose=True)
2022-07-22 13:41:06,329:INFO:Initializing predict_model()
2022-07-22 13:41:06,331:INFO:predict_model(estimator=Pipeline(steps=[('dtypes',
                 DataTypes_Auto_infer(ml_usecase='classification',
                                      target='Outcome')),
                ('imputer',
                 Simple_Imputer(categorical_strategy='not_available',
                                fill_value_categorical=None,
                                fill_value_numerical=None,
                                numeric_strategy='mean',
                                target_variable=None)),
                ('new_levels1',
                 New_Catagorical_Levels_in_TestData(replacement_strategy='least '
                                                                         'frequent',
                                                    tar...
                ('binn', 'passthrough'), ('rem_outliers', 'passthrough'),
                ('cluster_all', 'passthrough'),
                ('dummy', Dummify(target='Outcome')),
                ('fix_perfect', Remove_100(target='Outcome')),
                ('clean_names', Clean_Colum_Names()),
                ('feature_select', 'passthrough'), ('fix_multi', 'passthrough'),
                ('dfs', 'passthrough'), ('pca', 'passthrough'),
                ['trained_model',
                 RandomForestClassifier(n_jobs=-1, random_state=3806)]]), probability_threshold=None, encoded_labels=False, drift_report=False, raw_score=False, round=4, verbose=True, ml_usecase=MLUsecase.CLASSIFICATION, display=None, drift_kwargs=None)
2022-07-22 13:41:06,331:INFO:Checking exceptions
2022-07-22 13:41:06,333:INFO:Preloading libraries
2022-07-22 13:41:11,987:INFO:Initializing load_model()
2022-07-22 13:41:11,988:INFO:load_model(model_name=rf, platform=None, authentication=None, verbose=True)
2022-07-22 13:41:12,097:INFO:Initializing predict_model()
2022-07-22 13:41:12,098:INFO:predict_model(estimator=Pipeline(steps=[('dtypes',
                 DataTypes_Auto_infer(ml_usecase='classification',
                                      target='Outcome')),
                ('imputer',
                 Simple_Imputer(categorical_strategy='not_available',
                                fill_value_categorical=None,
                                fill_value_numerical=None,
                                numeric_strategy='mean',
                                target_variable=None)),
                ('new_levels1',
                 New_Catagorical_Levels_in_TestData(replacement_strategy='least '
                                                                         'frequent',
                                                    tar...
                ('binn', 'passthrough'), ('rem_outliers', 'passthrough'),
                ('cluster_all', 'passthrough'),
                ('dummy', Dummify(target='Outcome')),
                ('fix_perfect', Remove_100(target='Outcome')),
                ('clean_names', Clean_Colum_Names()),
                ('feature_select', 'passthrough'), ('fix_multi', 'passthrough'),
                ('dfs', 'passthrough'), ('pca', 'passthrough'),
                ['trained_model',
                 RandomForestClassifier(n_jobs=-1, random_state=3806)]]), probability_threshold=None, encoded_labels=False, drift_report=False, raw_score=False, round=4, verbose=True, ml_usecase=MLUsecase.CLASSIFICATION, display=None, drift_kwargs=None)
2022-07-22 13:41:12,099:INFO:Checking exceptions
2022-07-22 13:41:12,100:INFO:Preloading libraries
2022-07-22 13:41:12,483:INFO:Initializing load_model()
2022-07-22 13:41:12,483:INFO:load_model(model_name=rf, platform=None, authentication=None, verbose=True)
2022-07-22 13:41:12,601:INFO:Initializing predict_model()
2022-07-22 13:41:12,606:INFO:predict_model(estimator=Pipeline(steps=[('dtypes',
                 DataTypes_Auto_infer(ml_usecase='classification',
                                      target='Outcome')),
                ('imputer',
                 Simple_Imputer(categorical_strategy='not_available',
                                fill_value_categorical=None,
                                fill_value_numerical=None,
                                numeric_strategy='mean',
                                target_variable=None)),
                ('new_levels1',
                 New_Catagorical_Levels_in_TestData(replacement_strategy='least '
                                                                         'frequent',
                                                    tar...
                ('binn', 'passthrough'), ('rem_outliers', 'passthrough'),
                ('cluster_all', 'passthrough'),
                ('dummy', Dummify(target='Outcome')),
                ('fix_perfect', Remove_100(target='Outcome')),
                ('clean_names', Clean_Colum_Names()),
                ('feature_select', 'passthrough'), ('fix_multi', 'passthrough'),
                ('dfs', 'passthrough'), ('pca', 'passthrough'),
                ['trained_model',
                 RandomForestClassifier(n_jobs=-1, random_state=3806)]]), probability_threshold=None, encoded_labels=False, drift_report=False, raw_score=False, round=4, verbose=True, ml_usecase=MLUsecase.CLASSIFICATION, display=None, drift_kwargs=None)
2022-07-22 13:41:12,607:INFO:Checking exceptions
2022-07-22 13:41:12,609:INFO:Preloading libraries
2022-07-22 13:41:13,617:INFO:Initializing load_model()
2022-07-22 13:41:13,617:INFO:load_model(model_name=rf, platform=None, authentication=None, verbose=True)
2022-07-22 13:41:13,738:INFO:Initializing predict_model()
2022-07-22 13:41:13,744:INFO:predict_model(estimator=Pipeline(steps=[('dtypes',
                 DataTypes_Auto_infer(ml_usecase='classification',
                                      target='Outcome')),
                ('imputer',
                 Simple_Imputer(categorical_strategy='not_available',
                                fill_value_categorical=None,
                                fill_value_numerical=None,
                                numeric_strategy='mean',
                                target_variable=None)),
                ('new_levels1',
                 New_Catagorical_Levels_in_TestData(replacement_strategy='least '
                                                                         'frequent',
                                                    tar...
                ('binn', 'passthrough'), ('rem_outliers', 'passthrough'),
                ('cluster_all', 'passthrough'),
                ('dummy', Dummify(target='Outcome')),
                ('fix_perfect', Remove_100(target='Outcome')),
                ('clean_names', Clean_Colum_Names()),
                ('feature_select', 'passthrough'), ('fix_multi', 'passthrough'),
                ('dfs', 'passthrough'), ('pca', 'passthrough'),
                ['trained_model',
                 RandomForestClassifier(n_jobs=-1, random_state=3806)]]), probability_threshold=None, encoded_labels=False, drift_report=False, raw_score=False, round=4, verbose=True, ml_usecase=MLUsecase.CLASSIFICATION, display=None, drift_kwargs=None)
2022-07-22 13:41:13,746:INFO:Checking exceptions
2022-07-22 13:41:13,746:INFO:Preloading libraries
2022-07-22 13:41:14,801:INFO:Initializing load_model()
2022-07-22 13:41:14,826:INFO:load_model(model_name=rf, platform=None, authentication=None, verbose=True)
2022-07-22 13:41:14,924:INFO:Initializing predict_model()
2022-07-22 13:41:14,924:INFO:predict_model(estimator=Pipeline(steps=[('dtypes',
                 DataTypes_Auto_infer(ml_usecase='classification',
                                      target='Outcome')),
                ('imputer',
                 Simple_Imputer(categorical_strategy='not_available',
                                fill_value_categorical=None,
                                fill_value_numerical=None,
                                numeric_strategy='mean',
                                target_variable=None)),
                ('new_levels1',
                 New_Catagorical_Levels_in_TestData(replacement_strategy='least '
                                                                         'frequent',
                                                    tar...
                ('binn', 'passthrough'), ('rem_outliers', 'passthrough'),
                ('cluster_all', 'passthrough'),
                ('dummy', Dummify(target='Outcome')),
                ('fix_perfect', Remove_100(target='Outcome')),
                ('clean_names', Clean_Colum_Names()),
                ('feature_select', 'passthrough'), ('fix_multi', 'passthrough'),
                ('dfs', 'passthrough'), ('pca', 'passthrough'),
                ['trained_model',
                 RandomForestClassifier(n_jobs=-1, random_state=3806)]]), probability_threshold=None, encoded_labels=False, drift_report=False, raw_score=False, round=4, verbose=True, ml_usecase=MLUsecase.CLASSIFICATION, display=None, drift_kwargs=None)
2022-07-22 13:41:14,926:INFO:Checking exceptions
2022-07-22 13:41:14,927:INFO:Preloading libraries
2022-07-22 13:41:15,377:INFO:Initializing load_model()
2022-07-22 13:41:15,377:INFO:load_model(model_name=rf, platform=None, authentication=None, verbose=True)
2022-07-22 13:41:15,497:INFO:Initializing predict_model()
2022-07-22 13:41:15,497:INFO:predict_model(estimator=Pipeline(steps=[('dtypes',
                 DataTypes_Auto_infer(ml_usecase='classification',
                                      target='Outcome')),
                ('imputer',
                 Simple_Imputer(categorical_strategy='not_available',
                                fill_value_categorical=None,
                                fill_value_numerical=None,
                                numeric_strategy='mean',
                                target_variable=None)),
                ('new_levels1',
                 New_Catagorical_Levels_in_TestData(replacement_strategy='least '
                                                                         'frequent',
                                                    tar...
                ('binn', 'passthrough'), ('rem_outliers', 'passthrough'),
                ('cluster_all', 'passthrough'),
                ('dummy', Dummify(target='Outcome')),
                ('fix_perfect', Remove_100(target='Outcome')),
                ('clean_names', Clean_Colum_Names()),
                ('feature_select', 'passthrough'), ('fix_multi', 'passthrough'),
                ('dfs', 'passthrough'), ('pca', 'passthrough'),
                ['trained_model',
                 RandomForestClassifier(n_jobs=-1, random_state=3806)]]), probability_threshold=None, encoded_labels=False, drift_report=False, raw_score=False, round=4, verbose=True, ml_usecase=MLUsecase.CLASSIFICATION, display=None, drift_kwargs=None)
2022-07-22 13:41:15,499:INFO:Checking exceptions
2022-07-22 13:41:15,500:INFO:Preloading libraries
2022-07-22 13:41:15,889:INFO:Initializing load_model()
2022-07-22 13:41:15,889:INFO:load_model(model_name=rf, platform=None, authentication=None, verbose=True)
2022-07-22 13:41:15,992:INFO:Initializing predict_model()
2022-07-22 13:41:15,993:INFO:predict_model(estimator=Pipeline(steps=[('dtypes',
                 DataTypes_Auto_infer(ml_usecase='classification',
                                      target='Outcome')),
                ('imputer',
                 Simple_Imputer(categorical_strategy='not_available',
                                fill_value_categorical=None,
                                fill_value_numerical=None,
                                numeric_strategy='mean',
                                target_variable=None)),
                ('new_levels1',
                 New_Catagorical_Levels_in_TestData(replacement_strategy='least '
                                                                         'frequent',
                                                    tar...
                ('binn', 'passthrough'), ('rem_outliers', 'passthrough'),
                ('cluster_all', 'passthrough'),
                ('dummy', Dummify(target='Outcome')),
                ('fix_perfect', Remove_100(target='Outcome')),
                ('clean_names', Clean_Colum_Names()),
                ('feature_select', 'passthrough'), ('fix_multi', 'passthrough'),
                ('dfs', 'passthrough'), ('pca', 'passthrough'),
                ['trained_model',
                 RandomForestClassifier(n_jobs=-1, random_state=3806)]]), probability_threshold=None, encoded_labels=False, drift_report=False, raw_score=False, round=4, verbose=True, ml_usecase=MLUsecase.CLASSIFICATION, display=None, drift_kwargs=None)
2022-07-22 13:41:15,994:INFO:Checking exceptions
2022-07-22 13:41:15,995:INFO:Preloading libraries
2022-07-22 13:41:16,400:INFO:Initializing load_model()
2022-07-22 13:41:16,404:INFO:load_model(model_name=rf, platform=None, authentication=None, verbose=True)
2022-07-22 13:41:16,520:INFO:Initializing predict_model()
2022-07-22 13:41:16,522:INFO:predict_model(estimator=Pipeline(steps=[('dtypes',
                 DataTypes_Auto_infer(ml_usecase='classification',
                                      target='Outcome')),
                ('imputer',
                 Simple_Imputer(categorical_strategy='not_available',
                                fill_value_categorical=None,
                                fill_value_numerical=None,
                                numeric_strategy='mean',
                                target_variable=None)),
                ('new_levels1',
                 New_Catagorical_Levels_in_TestData(replacement_strategy='least '
                                                                         'frequent',
                                                    tar...
                ('binn', 'passthrough'), ('rem_outliers', 'passthrough'),
                ('cluster_all', 'passthrough'),
                ('dummy', Dummify(target='Outcome')),
                ('fix_perfect', Remove_100(target='Outcome')),
                ('clean_names', Clean_Colum_Names()),
                ('feature_select', 'passthrough'), ('fix_multi', 'passthrough'),
                ('dfs', 'passthrough'), ('pca', 'passthrough'),
                ['trained_model',
                 RandomForestClassifier(n_jobs=-1, random_state=3806)]]), probability_threshold=None, encoded_labels=False, drift_report=False, raw_score=False, round=4, verbose=True, ml_usecase=MLUsecase.CLASSIFICATION, display=None, drift_kwargs=None)
2022-07-22 13:41:16,523:INFO:Checking exceptions
2022-07-22 13:41:16,524:INFO:Preloading libraries
2022-07-22 13:41:18,545:INFO:Initializing load_model()
2022-07-22 13:41:18,546:INFO:load_model(model_name=rf, platform=None, authentication=None, verbose=True)
2022-07-22 13:41:18,661:INFO:Initializing predict_model()
2022-07-22 13:41:18,661:INFO:predict_model(estimator=Pipeline(steps=[('dtypes',
                 DataTypes_Auto_infer(ml_usecase='classification',
                                      target='Outcome')),
                ('imputer',
                 Simple_Imputer(categorical_strategy='not_available',
                                fill_value_categorical=None,
                                fill_value_numerical=None,
                                numeric_strategy='mean',
                                target_variable=None)),
                ('new_levels1',
                 New_Catagorical_Levels_in_TestData(replacement_strategy='least '
                                                                         'frequent',
                                                    tar...
                ('binn', 'passthrough'), ('rem_outliers', 'passthrough'),
                ('cluster_all', 'passthrough'),
                ('dummy', Dummify(target='Outcome')),
                ('fix_perfect', Remove_100(target='Outcome')),
                ('clean_names', Clean_Colum_Names()),
                ('feature_select', 'passthrough'), ('fix_multi', 'passthrough'),
                ('dfs', 'passthrough'), ('pca', 'passthrough'),
                ['trained_model',
                 RandomForestClassifier(n_jobs=-1, random_state=3806)]]), probability_threshold=None, encoded_labels=False, drift_report=False, raw_score=False, round=4, verbose=True, ml_usecase=MLUsecase.CLASSIFICATION, display=None, drift_kwargs=None)
2022-07-22 13:41:18,664:INFO:Checking exceptions
2022-07-22 13:41:18,665:INFO:Preloading libraries
2022-07-22 13:41:25,140:INFO:Initializing load_model()
2022-07-22 13:41:25,165:INFO:load_model(model_name=rf, platform=None, authentication=None, verbose=True)
2022-07-22 13:41:25,296:INFO:Initializing predict_model()
2022-07-22 13:41:25,297:INFO:predict_model(estimator=Pipeline(steps=[('dtypes',
                 DataTypes_Auto_infer(ml_usecase='classification',
                                      target='Outcome')),
                ('imputer',
                 Simple_Imputer(categorical_strategy='not_available',
                                fill_value_categorical=None,
                                fill_value_numerical=None,
                                numeric_strategy='mean',
                                target_variable=None)),
                ('new_levels1',
                 New_Catagorical_Levels_in_TestData(replacement_strategy='least '
                                                                         'frequent',
                                                    tar...
                ('binn', 'passthrough'), ('rem_outliers', 'passthrough'),
                ('cluster_all', 'passthrough'),
                ('dummy', Dummify(target='Outcome')),
                ('fix_perfect', Remove_100(target='Outcome')),
                ('clean_names', Clean_Colum_Names()),
                ('feature_select', 'passthrough'), ('fix_multi', 'passthrough'),
                ('dfs', 'passthrough'), ('pca', 'passthrough'),
                ['trained_model',
                 RandomForestClassifier(n_jobs=-1, random_state=3806)]]), probability_threshold=None, encoded_labels=False, drift_report=False, raw_score=False, round=4, verbose=True, ml_usecase=MLUsecase.CLASSIFICATION, display=None, drift_kwargs=None)
2022-07-22 13:41:25,299:INFO:Checking exceptions
2022-07-22 13:41:25,300:INFO:Preloading libraries
2022-07-22 13:41:26,861:INFO:Initializing load_model()
2022-07-22 13:41:26,861:INFO:load_model(model_name=rf, platform=None, authentication=None, verbose=True)
2022-07-22 13:41:27,005:INFO:Initializing predict_model()
2022-07-22 13:41:27,011:INFO:predict_model(estimator=Pipeline(steps=[('dtypes',
                 DataTypes_Auto_infer(ml_usecase='classification',
                                      target='Outcome')),
                ('imputer',
                 Simple_Imputer(categorical_strategy='not_available',
                                fill_value_categorical=None,
                                fill_value_numerical=None,
                                numeric_strategy='mean',
                                target_variable=None)),
                ('new_levels1',
                 New_Catagorical_Levels_in_TestData(replacement_strategy='least '
                                                                         'frequent',
                                                    tar...
                ('binn', 'passthrough'), ('rem_outliers', 'passthrough'),
                ('cluster_all', 'passthrough'),
                ('dummy', Dummify(target='Outcome')),
                ('fix_perfect', Remove_100(target='Outcome')),
                ('clean_names', Clean_Colum_Names()),
                ('feature_select', 'passthrough'), ('fix_multi', 'passthrough'),
                ('dfs', 'passthrough'), ('pca', 'passthrough'),
                ['trained_model',
                 RandomForestClassifier(n_jobs=-1, random_state=3806)]]), probability_threshold=None, encoded_labels=False, drift_report=False, raw_score=False, round=4, verbose=True, ml_usecase=MLUsecase.CLASSIFICATION, display=None, drift_kwargs=None)
2022-07-22 13:41:27,012:INFO:Checking exceptions
2022-07-22 13:41:27,014:INFO:Preloading libraries
2022-07-22 13:41:29,985:INFO:Initializing load_model()
2022-07-22 13:41:29,986:INFO:load_model(model_name=rf, platform=None, authentication=None, verbose=True)
2022-07-22 13:41:30,093:INFO:Initializing predict_model()
2022-07-22 13:41:30,094:INFO:predict_model(estimator=Pipeline(steps=[('dtypes',
                 DataTypes_Auto_infer(ml_usecase='classification',
                                      target='Outcome')),
                ('imputer',
                 Simple_Imputer(categorical_strategy='not_available',
                                fill_value_categorical=None,
                                fill_value_numerical=None,
                                numeric_strategy='mean',
                                target_variable=None)),
                ('new_levels1',
                 New_Catagorical_Levels_in_TestData(replacement_strategy='least '
                                                                         'frequent',
                                                    tar...
                ('binn', 'passthrough'), ('rem_outliers', 'passthrough'),
                ('cluster_all', 'passthrough'),
                ('dummy', Dummify(target='Outcome')),
                ('fix_perfect', Remove_100(target='Outcome')),
                ('clean_names', Clean_Colum_Names()),
                ('feature_select', 'passthrough'), ('fix_multi', 'passthrough'),
                ('dfs', 'passthrough'), ('pca', 'passthrough'),
                ['trained_model',
                 RandomForestClassifier(n_jobs=-1, random_state=3806)]]), probability_threshold=None, encoded_labels=False, drift_report=False, raw_score=False, round=4, verbose=True, ml_usecase=MLUsecase.CLASSIFICATION, display=None, drift_kwargs=None)
2022-07-22 13:41:30,095:INFO:Checking exceptions
2022-07-22 13:41:30,096:INFO:Preloading libraries
2022-07-22 13:41:32,773:INFO:Initializing load_model()
2022-07-22 13:41:32,787:INFO:load_model(model_name=rf, platform=None, authentication=None, verbose=True)
2022-07-22 13:41:32,893:INFO:Initializing predict_model()
2022-07-22 13:41:32,893:INFO:predict_model(estimator=Pipeline(steps=[('dtypes',
                 DataTypes_Auto_infer(ml_usecase='classification',
                                      target='Outcome')),
                ('imputer',
                 Simple_Imputer(categorical_strategy='not_available',
                                fill_value_categorical=None,
                                fill_value_numerical=None,
                                numeric_strategy='mean',
                                target_variable=None)),
                ('new_levels1',
                 New_Catagorical_Levels_in_TestData(replacement_strategy='least '
                                                                         'frequent',
                                                    tar...
                ('binn', 'passthrough'), ('rem_outliers', 'passthrough'),
                ('cluster_all', 'passthrough'),
                ('dummy', Dummify(target='Outcome')),
                ('fix_perfect', Remove_100(target='Outcome')),
                ('clean_names', Clean_Colum_Names()),
                ('feature_select', 'passthrough'), ('fix_multi', 'passthrough'),
                ('dfs', 'passthrough'), ('pca', 'passthrough'),
                ['trained_model',
                 RandomForestClassifier(n_jobs=-1, random_state=3806)]]), probability_threshold=None, encoded_labels=False, drift_report=False, raw_score=False, round=4, verbose=True, ml_usecase=MLUsecase.CLASSIFICATION, display=None, drift_kwargs=None)
2022-07-22 13:41:32,895:INFO:Checking exceptions
2022-07-22 13:41:32,897:INFO:Preloading libraries
2022-07-22 13:42:12,763:INFO:Initializing load_model()
2022-07-22 13:42:12,764:INFO:load_model(model_name=rf, platform=None, authentication=None, verbose=True)
2022-07-22 13:42:12,862:INFO:Initializing predict_model()
2022-07-22 13:42:12,862:INFO:predict_model(estimator=Pipeline(steps=[('dtypes',
                 DataTypes_Auto_infer(ml_usecase='classification',
                                      target='Outcome')),
                ('imputer',
                 Simple_Imputer(categorical_strategy='not_available',
                                fill_value_categorical=None,
                                fill_value_numerical=None,
                                numeric_strategy='mean',
                                target_variable=None)),
                ('new_levels1',
                 New_Catagorical_Levels_in_TestData(replacement_strategy='least '
                                                                         'frequent',
                                                    tar...
                ('binn', 'passthrough'), ('rem_outliers', 'passthrough'),
                ('cluster_all', 'passthrough'),
                ('dummy', Dummify(target='Outcome')),
                ('fix_perfect', Remove_100(target='Outcome')),
                ('clean_names', Clean_Colum_Names()),
                ('feature_select', 'passthrough'), ('fix_multi', 'passthrough'),
                ('dfs', 'passthrough'), ('pca', 'passthrough'),
                ['trained_model',
                 RandomForestClassifier(n_jobs=-1, random_state=3806)]]), probability_threshold=None, encoded_labels=False, drift_report=False, raw_score=False, round=4, verbose=True, ml_usecase=MLUsecase.CLASSIFICATION, display=None, drift_kwargs=None)
2022-07-22 13:42:12,863:INFO:Checking exceptions
2022-07-22 13:42:12,865:INFO:Preloading libraries
2022-07-22 13:42:19,294:INFO:Initializing load_model()
2022-07-22 13:42:19,295:INFO:load_model(model_name=rf, platform=None, authentication=None, verbose=True)
2022-07-22 13:42:19,399:INFO:Initializing predict_model()
2022-07-22 13:42:19,409:INFO:predict_model(estimator=Pipeline(steps=[('dtypes',
                 DataTypes_Auto_infer(ml_usecase='classification',
                                      target='Outcome')),
                ('imputer',
                 Simple_Imputer(categorical_strategy='not_available',
                                fill_value_categorical=None,
                                fill_value_numerical=None,
                                numeric_strategy='mean',
                                target_variable=None)),
                ('new_levels1',
                 New_Catagorical_Levels_in_TestData(replacement_strategy='least '
                                                                         'frequent',
                                                    tar...
                ('binn', 'passthrough'), ('rem_outliers', 'passthrough'),
                ('cluster_all', 'passthrough'),
                ('dummy', Dummify(target='Outcome')),
                ('fix_perfect', Remove_100(target='Outcome')),
                ('clean_names', Clean_Colum_Names()),
                ('feature_select', 'passthrough'), ('fix_multi', 'passthrough'),
                ('dfs', 'passthrough'), ('pca', 'passthrough'),
                ['trained_model',
                 RandomForestClassifier(n_jobs=-1, random_state=3806)]]), probability_threshold=None, encoded_labels=False, drift_report=False, raw_score=False, round=4, verbose=True, ml_usecase=MLUsecase.CLASSIFICATION, display=None, drift_kwargs=None)
2022-07-22 13:42:19,410:INFO:Checking exceptions
2022-07-22 13:42:19,411:INFO:Preloading libraries
2022-07-22 14:18:38,820:INFO:Initializing load_model()
2022-07-22 14:18:38,821:INFO:load_model(model_name=rf, platform=None, authentication=None, verbose=True)
2022-07-22 14:18:38,989:INFO:Initializing predict_model()
2022-07-22 14:18:38,994:INFO:predict_model(estimator=Pipeline(steps=[('dtypes',
                 DataTypes_Auto_infer(ml_usecase='classification',
                                      target='Outcome')),
                ('imputer',
                 Simple_Imputer(categorical_strategy='not_available',
                                fill_value_categorical=None,
                                fill_value_numerical=None,
                                numeric_strategy='mean',
                                target_variable=None)),
                ('new_levels1',
                 New_Catagorical_Levels_in_TestData(replacement_strategy='least '
                                                                         'frequent',
                                                    tar...
                ('binn', 'passthrough'), ('rem_outliers', 'passthrough'),
                ('cluster_all', 'passthrough'),
                ('dummy', Dummify(target='Outcome')),
                ('fix_perfect', Remove_100(target='Outcome')),
                ('clean_names', Clean_Colum_Names()),
                ('feature_select', 'passthrough'), ('fix_multi', 'passthrough'),
                ('dfs', 'passthrough'), ('pca', 'passthrough'),
                ['trained_model',
                 RandomForestClassifier(n_jobs=-1, random_state=3806)]]), probability_threshold=None, encoded_labels=False, drift_report=False, raw_score=False, round=4, verbose=True, ml_usecase=MLUsecase.CLASSIFICATION, display=None, drift_kwargs=None)
2022-07-22 14:18:38,995:INFO:Checking exceptions
2022-07-22 14:18:38,995:INFO:Preloading libraries
2022-07-22 14:18:39,462:INFO:Initializing load_model()
2022-07-22 14:18:39,463:INFO:load_model(model_name=rf, platform=None, authentication=None, verbose=True)
2022-07-22 14:18:39,582:INFO:Initializing predict_model()
2022-07-22 14:18:39,582:INFO:predict_model(estimator=Pipeline(steps=[('dtypes',
                 DataTypes_Auto_infer(ml_usecase='classification',
                                      target='Outcome')),
                ('imputer',
                 Simple_Imputer(categorical_strategy='not_available',
                                fill_value_categorical=None,
                                fill_value_numerical=None,
                                numeric_strategy='mean',
                                target_variable=None)),
                ('new_levels1',
                 New_Catagorical_Levels_in_TestData(replacement_strategy='least '
                                                                         'frequent',
                                                    tar...
                ('binn', 'passthrough'), ('rem_outliers', 'passthrough'),
                ('cluster_all', 'passthrough'),
                ('dummy', Dummify(target='Outcome')),
                ('fix_perfect', Remove_100(target='Outcome')),
                ('clean_names', Clean_Colum_Names()),
                ('feature_select', 'passthrough'), ('fix_multi', 'passthrough'),
                ('dfs', 'passthrough'), ('pca', 'passthrough'),
                ['trained_model',
                 RandomForestClassifier(n_jobs=-1, random_state=3806)]]), probability_threshold=None, encoded_labels=False, drift_report=False, raw_score=False, round=4, verbose=True, ml_usecase=MLUsecase.CLASSIFICATION, display=None, drift_kwargs=None)
2022-07-22 14:18:39,583:INFO:Checking exceptions
2022-07-22 14:18:39,583:INFO:Preloading libraries
2022-07-22 14:18:41,278:INFO:Initializing load_model()
2022-07-22 14:18:41,279:INFO:load_model(model_name=rf, platform=None, authentication=None, verbose=True)
2022-07-22 14:18:41,379:INFO:Initializing predict_model()
2022-07-22 14:18:41,379:INFO:predict_model(estimator=Pipeline(steps=[('dtypes',
                 DataTypes_Auto_infer(ml_usecase='classification',
                                      target='Outcome')),
                ('imputer',
                 Simple_Imputer(categorical_strategy='not_available',
                                fill_value_categorical=None,
                                fill_value_numerical=None,
                                numeric_strategy='mean',
                                target_variable=None)),
                ('new_levels1',
                 New_Catagorical_Levels_in_TestData(replacement_strategy='least '
                                                                         'frequent',
                                                    tar...
                ('binn', 'passthrough'), ('rem_outliers', 'passthrough'),
                ('cluster_all', 'passthrough'),
                ('dummy', Dummify(target='Outcome')),
                ('fix_perfect', Remove_100(target='Outcome')),
                ('clean_names', Clean_Colum_Names()),
                ('feature_select', 'passthrough'), ('fix_multi', 'passthrough'),
                ('dfs', 'passthrough'), ('pca', 'passthrough'),
                ['trained_model',
                 RandomForestClassifier(n_jobs=-1, random_state=3806)]]), probability_threshold=None, encoded_labels=False, drift_report=False, raw_score=False, round=4, verbose=True, ml_usecase=MLUsecase.CLASSIFICATION, display=None, drift_kwargs=None)
2022-07-22 14:18:41,380:INFO:Checking exceptions
2022-07-22 14:18:41,380:INFO:Preloading libraries
